<?xml version="1.0" encoding="UTF-8"?>
<!-- Generated by org.testng.reporters.JUnitXMLReporter -->
<testsuite ignored="1" hostname="Mac.lan" failures="0" tests="8" name="Test Cases API" time="6.178" errors="0" timestamp="2025-12-17T13:34:18 IST">
  <testcase classname="apitesting_tests.All_ApisRequest" name="CreateProductWithToken" time="1.893"/>
  <testcase classname="apitesting_tests.All_ApisRequest" name="getRequest_api_endpoint" time="0.472"/>
  <testcase classname="apitesting_tests.All_ApisRequest" name="patchRequest_api_endpoint" time="0.674"/>
  <testcase classname="apitesting_tests.All_ApisRequest" name="postRequest_api_endpoint" time="0.628"/>
  <testcase classname="apitesting_tests.All_ApisRequest" name="postRequest_api_endpoint_Map" time="0.61"/>
  <testcase classname="apitesting_tests.All_ApisRequest" name="postRequest_api_endpoint_Pojo" time="0.616"/>
  <testcase classname="apitesting_tests.All_ApisRequest" name="postRequest_api_endpoint_PojoJsonArray" time="0.63"/>
  <testcase classname="apitesting_tests.All_ApisRequest" name="putRequest_api_endpoint" time="0.619"/>
  <testcase classname="apitesting_tests.All_ApisRequest" name="deleteRequest_api_endpoint" time="0.0">
    <ignored/>
  </testcase> <!-- deleteRequest_api_endpoint -->
</testsuite> <!-- Test Cases API -->
