<?xml version="1.0" encoding="UTF-8"?>
<!-- Generated by org.testng.reporters.JUnitXMLReporter -->
<testsuite ignored="1" hostname="Mac.lan" failures="0" tests="7" name="Test Cases API" time="5.107" errors="0" timestamp="2025-12-14T10:35:45 IST">
  <testcase classname="apitesting_tests.All_ApisRequest" name="getRequest_api_endpoint" time="1.009"/>
  <testcase classname="apitesting_tests.All_ApisRequest" name="patchRequest_api_endpoint" time="0.659"/>
  <testcase classname="apitesting_tests.All_ApisRequest" name="postRequest_api_endpoint" time="0.751"/>
  <testcase classname="apitesting_tests.All_ApisRequest" name="postRequest_api_endpoint_Map" time="0.684"/>
  <testcase classname="apitesting_tests.All_ApisRequest" name="postRequest_api_endpoint_Pojo" time="0.613"/>
  <testcase classname="apitesting_tests.All_ApisRequest" name="postRequest_api_endpoint_PojoJsonArray" time="0.6"/>
  <testcase classname="apitesting_tests.All_ApisRequest" name="putRequest_api_endpoint" time="0.762"/>
  <testcase classname="apitesting_tests.All_ApisRequest" name="deleteRequest_api_endpoint" time="0.0">
    <ignored/>
  </testcase> <!-- deleteRequest_api_endpoint -->
</testsuite> <!-- Test Cases API -->
