<?xml version="1.0" encoding="UTF-8"?>
<!-- Generated by org.testng.reporters.JUnitXMLReporter -->
<testsuite ignored="0" hostname="Mac.lan" failures="0" tests="9" name="Default test" time="8.764" errors="0" timestamp="2025-12-17T13:34:00 IST">
  <testcase classname="apitesting_tests.All_ApisRequest" name="CreateProductWithToken" time="3.294"/>
  <testcase classname="apitesting_tests.All_ApisRequest" name="deleteRequest_api_endpoint" time="0.914"/>
  <testcase classname="apitesting_tests.All_ApisRequest" name="getRequest_api_endpoint" time="0.439"/>
  <testcase classname="apitesting_tests.All_ApisRequest" name="patchRequest_api_endpoint" time="0.706"/>
  <testcase classname="apitesting_tests.All_ApisRequest" name="postRequest_api_endpoint" time="0.635"/>
  <testcase classname="apitesting_tests.All_ApisRequest" name="postRequest_api_endpoint_Map" time="0.615"/>
  <testcase classname="apitesting_tests.All_ApisRequest" name="postRequest_api_endpoint_Pojo" time="0.641"/>
  <testcase classname="apitesting_tests.All_ApisRequest" name="postRequest_api_endpoint_PojoJsonArray" time="0.635"/>
  <testcase classname="apitesting_tests.All_ApisRequest" name="putRequest_api_endpoint" time="0.848"/>
</testsuite> <!-- Default test -->
