<?xml version="1.0" encoding="UTF-8"?>
<!-- Generated by org.testng.reporters.JUnitXMLReporter -->
<testsuite ignored="1" hostname="Mac.lan" failures="0" tests="7" name="Test Cases API" time="4.884" errors="0" timestamp="2025-12-16T21:35:39 IST">
  <testcase classname="apitesting_tests.All_ApisRequest" name="getRequest_api_endpoint" time="0.903"/>
  <testcase classname="apitesting_tests.All_ApisRequest" name="patchRequest_api_endpoint" time="0.743"/>
  <testcase classname="apitesting_tests.All_ApisRequest" name="postRequest_api_endpoint" time="0.654"/>
  <testcase classname="apitesting_tests.All_ApisRequest" name="postRequest_api_endpoint_Map" time="0.773"/>
  <testcase classname="apitesting_tests.All_ApisRequest" name="postRequest_api_endpoint_Pojo" time="0.606"/>
  <testcase classname="apitesting_tests.All_ApisRequest" name="postRequest_api_endpoint_PojoJsonArray" time="0.601"/>
  <testcase classname="apitesting_tests.All_ApisRequest" name="putRequest_api_endpoint" time="0.581"/>
  <testcase classname="apitesting_tests.All_ApisRequest" name="deleteRequest_api_endpoint" time="0.0">
    <ignored/>
  </testcase> <!-- deleteRequest_api_endpoint -->
</testsuite> <!-- Test Cases API -->
