<?xml version="1.0" encoding="UTF-8"?>
<testsuite xmlns:xsi="http://www.w3.org/2001/XMLSchema-instance" xsi:noNamespaceSchemaLocation="https://maven.apache.org/surefire/maven-surefire-plugin/xsd/surefire-test-report-3.0.xsd" version="3.0" name="TestSuite" time="5.183" tests="7" errors="0" skipped="0" failures="0">
  <properties>
[...]
</properties>
  <testcase name="getRequest_api_endpoint" classname="apitesting_tests.All_ApisRequest" time="0.904">
    <system-out><![CDATA[[TestNGContentHandler] [WARN] It is strongly recommended to add "<!DOCTYPE suite SYSTEM "https://testng.org/testng-1.0.dtd" >" at the top of your file, otherwise TestNG may fail or not work as expected.
{"data":{"id":2,"email":"janet.weaver@reqres.in","first_name":"Janet","last_name":"Weaver","avatar":"https://reqres.in/img/faces/2-image.jpg"},"support":{"url":"https://contentcaddy.io?utm_source=reqres&utm_medium=json&utm_campaign=referral","text":"Tired of writing endless social media content? Let Content Caddy generate it for you."},"_meta":{"powered_by":"🚀 ReqRes - Deploy backends in 30 seconds","upgrade_url":"https://app.reqres.in/upgrade","docs_url":"https://reqres.in","template_gallery":"https://app.reqres.in/templates","message":"This API is powered by ReqRes. Deploy your own backend in 30 seconds!","features":["30 Second Backend Templates","Custom API Endpoints","Data Persistence","Real-time Analytics"],"upgrade_cta":"Upgrade to Pro for unlimited requests, custom endpoints, and data persistence"}}
This changes is made for testing git message
]]></system-out>
  </testcase>
  <testcase name="patchRequest_api_endpoint" classname="apitesting_tests.All_ApisRequest" time="0.745"/>
  <testcase name="postRequest_api_endpoint" classname="apitesting_tests.All_ApisRequest" time="0.654">
    <system-out><![CDATA[{"name":"Dipti","job":"QA Engineer","id":"554","createdAt":"2025-12-16T16:05:36.843Z"}
]]></system-out>
  </testcase>
  <testcase name="postRequest_api_endpoint_Map" classname="apitesting_tests.All_ApisRequest" time="0.775"/>
  <testcase name="postRequest_api_endpoint_Pojo" classname="apitesting_tests.All_ApisRequest" time="0.607">
    <system-out><![CDATA[{"name":"dipti ranjan dash","job":"software engineer - chennai","languages":null,"city":null,"updatedAt":null,"id":"791","createdAt":"2025-12-16T16:05:38.305Z"}
]]></system-out>
  </testcase>
  <testcase name="postRequest_api_endpoint_PojoJsonArray" classname="apitesting_tests.All_ApisRequest" time="0.602">
    <system-out><![CDATA[{"name":"dipti ranjan dash","job":"software engineer - chennai","languages":["java","python","selenium","Restassured","T"],"city":null,"updatedAt":null,"id":"360","createdAt":"2025-12-16T16:05:38.864Z"}
]]></system-out>
  </testcase>
  <testcase name="putRequest_api_endpoint" classname="apitesting_tests.All_ApisRequest" time="0.581"/>
</testsuite>