<?xml version="1.0" encoding="UTF-8"?>
<testng-results ignored="0" total="8" passed="8" failed="0" skipped="0">
  <reporter-output>
  </reporter-output>
  <suite started-at="2025-12-14T17:55:56 IST" name="Default suite" finished-at="2025-12-14T17:56:03 IST" duration-ms="6564">
    <groups>
      <group name="Regressiontestsuite">
        <method signature="All_ApisRequest.getRequest_api_endpoint()[pri:0, instance:apitesting_tests.All_ApisRequest@fdefd3f]" name="getRequest_api_endpoint" class="apitesting_tests.All_ApisRequest"/>
        <method signature="All_ApisRequest.postRequest_api_endpoint()[pri:0, instance:apitesting_tests.All_ApisRequest@fdefd3f]" name="postRequest_api_endpoint" class="apitesting_tests.All_ApisRequest"/>
        <method signature="All_ApisRequest.postRequest_api_endpoint_Pojo()[pri:0, instance:apitesting_tests.All_ApisRequest@fdefd3f]" name="postRequest_api_endpoint_Pojo" class="apitesting_tests.All_ApisRequest"/>
        <method signature="All_ApisRequest.postRequest_api_endpoint_PojoJsonArray()[pri:0, instance:apitesting_tests.All_ApisRequest@fdefd3f]" name="postRequest_api_endpoint_PojoJsonArray" class="apitesting_tests.All_ApisRequest"/>
        <method signature="All_ApisRequest.putRequest_api_endpoint()[pri:0, instance:apitesting_tests.All_ApisRequest@fdefd3f]" name="putRequest_api_endpoint" class="apitesting_tests.All_ApisRequest"/>
      </group> <!-- Regressiontestsuite -->
      <group name="Smoketestsuite">
        <method signature="All_ApisRequest.patchRequest_api_endpoint()[pri:0, instance:apitesting_tests.All_ApisRequest@fdefd3f]" name="patchRequest_api_endpoint" class="apitesting_tests.All_ApisRequest"/>
        <method signature="All_ApisRequest.postRequest_api_endpoint_Map()[pri:0, instance:apitesting_tests.All_ApisRequest@fdefd3f]" name="postRequest_api_endpoint_Map" class="apitesting_tests.All_ApisRequest"/>
        <method signature="All_ApisRequest.putRequest_api_endpoint()[pri:0, instance:apitesting_tests.All_ApisRequest@fdefd3f]" name="putRequest_api_endpoint" class="apitesting_tests.All_ApisRequest"/>
      </group> <!-- Smoketestsuite -->
    </groups>
    <test started-at="2025-12-14T17:55:56 IST" name="Default test" finished-at="2025-12-14T17:56:03 IST" duration-ms="6564">
      <class name="apitesting_tests.All_ApisRequest">
        <test-method is-config="true" signature="config()[pri:0, instance:apitesting_tests.All_ApisRequest@fdefd3f]" started-at="2025-12-14T17:55:56 IST" name="config" finished-at="2025-12-14T17:55:56 IST" duration-ms="94" status="PASS">
          <reporter-output>
          </reporter-output>
        </test-method> <!-- config -->
        <test-method is-config="true" signature="startTest(java.lang.reflect.Method)[pri:0, instance:apitesting_tests.All_ApisRequest@fdefd3f]" started-at="2025-12-14T17:55:56 IST" name="startTest" finished-at="2025-12-14T17:55:56 IST" duration-ms="2" status="PASS">
          <params>
            <param index="0">
              <value>
                <![CDATA[public void apitesting_tests.All_ApisRequest.deleteRequest_api_endpoint()]]>
              </value>
            </param>
          </params>
          <reporter-output>
          </reporter-output>
        </test-method> <!-- startTest -->
        <test-method signature="deleteRequest_api_endpoint()[pri:0, instance:apitesting_tests.All_ApisRequest@fdefd3f]" started-at="2025-12-14T17:55:56 IST" name="deleteRequest_api_endpoint" description="DELETE REQUEST API" finished-at="2025-12-14T17:55:58 IST" duration-ms="1666" status="PASS">
          <reporter-output>
          </reporter-output>
        </test-method> <!-- deleteRequest_api_endpoint -->
        <test-method is-config="true" signature="getResult(org.testng.ITestResult)[pri:0, instance:apitesting_tests.All_ApisRequest@fdefd3f]" started-at="2025-12-14T17:55:58 IST" name="getResult" finished-at="2025-12-14T17:55:58 IST" duration-ms="2" status="PASS">
          <params>
            <param index="0">
              <value>
                <![CDATA[[TestResult name=deleteRequest_api_endpoint status=SUCCESS method=All_ApisRequest.deleteRequest_api_endpoint()[pri:0, instance:apitesting_tests.All_ApisRequest@fdefd3f] output={null}]]]>
              </value>
            </param>
          </params>
          <reporter-output>
          </reporter-output>
        </test-method> <!-- getResult -->
        <test-method signature="getRequest_api_endpoint()[pri:0, instance:apitesting_tests.All_ApisRequest@fdefd3f]" started-at="2025-12-14T17:55:58 IST" name="getRequest_api_endpoint" description="GET REQUEST API" finished-at="2025-12-14T17:55:58 IST" duration-ms="338" status="PASS">
          <reporter-output>
          </reporter-output>
        </test-method> <!-- getRequest_api_endpoint -->
        <test-method is-config="true" signature="startTest(java.lang.reflect.Method)[pri:0, instance:apitesting_tests.All_ApisRequest@fdefd3f]" started-at="2025-12-14T17:55:58 IST" name="startTest" finished-at="2025-12-14T17:55:58 IST" duration-ms="0" status="PASS">
          <params>
            <param index="0">
              <value>
                <![CDATA[public void apitesting_tests.All_ApisRequest.getRequest_api_endpoint()]]>
              </value>
            </param>
          </params>
          <reporter-output>
          </reporter-output>
        </test-method> <!-- startTest -->
        <test-method is-config="true" signature="getResult(org.testng.ITestResult)[pri:0, instance:apitesting_tests.All_ApisRequest@fdefd3f]" started-at="2025-12-14T17:55:58 IST" name="getResult" finished-at="2025-12-14T17:55:58 IST" duration-ms="1" status="PASS">
          <params>
            <param index="0">
              <value>
                <![CDATA[[TestResult name=getRequest_api_endpoint status=SUCCESS method=All_ApisRequest.getRequest_api_endpoint()[pri:0, instance:apitesting_tests.All_ApisRequest@fdefd3f] output={null}]]]>
              </value>
            </param>
          </params>
          <reporter-output>
          </reporter-output>
        </test-method> <!-- getResult -->
        <test-method signature="patchRequest_api_endpoint()[pri:0, instance:apitesting_tests.All_ApisRequest@fdefd3f]" started-at="2025-12-14T17:55:58 IST" name="patchRequest_api_endpoint" description="PATCH REQUEST API" finished-at="2025-12-14T17:55:59 IST" duration-ms="650" status="PASS">
          <reporter-output>
          </reporter-output>
        </test-method> <!-- patchRequest_api_endpoint -->
        <test-method is-config="true" signature="startTest(java.lang.reflect.Method)[pri:0, instance:apitesting_tests.All_ApisRequest@fdefd3f]" started-at="2025-12-14T17:55:58 IST" name="startTest" finished-at="2025-12-14T17:55:58 IST" duration-ms="0" status="PASS">
          <params>
            <param index="0">
              <value>
                <![CDATA[public void apitesting_tests.All_ApisRequest.patchRequest_api_endpoint()]]>
              </value>
            </param>
          </params>
          <reporter-output>
          </reporter-output>
        </test-method> <!-- startTest -->
        <test-method is-config="true" signature="getResult(org.testng.ITestResult)[pri:0, instance:apitesting_tests.All_ApisRequest@fdefd3f]" started-at="2025-12-14T17:55:59 IST" name="getResult" finished-at="2025-12-14T17:55:59 IST" duration-ms="1" status="PASS">
          <params>
            <param index="0">
              <value>
                <![CDATA[[TestResult name=patchRequest_api_endpoint status=SUCCESS method=All_ApisRequest.patchRequest_api_endpoint()[pri:0, instance:apitesting_tests.All_ApisRequest@fdefd3f] output={null}]]]>
              </value>
            </param>
          </params>
          <reporter-output>
          </reporter-output>
        </test-method> <!-- getResult -->
        <test-method signature="postRequest_api_endpoint()[pri:0, instance:apitesting_tests.All_ApisRequest@fdefd3f]" started-at="2025-12-14T17:55:59 IST" name="postRequest_api_endpoint" description="POST REQUEST API Using String (Raw JSON body)" finished-at="2025-12-14T17:56:00 IST" duration-ms="598" status="PASS">
          <reporter-output>
          </reporter-output>
        </test-method> <!-- postRequest_api_endpoint -->
        <test-method is-config="true" signature="startTest(java.lang.reflect.Method)[pri:0, instance:apitesting_tests.All_ApisRequest@fdefd3f]" started-at="2025-12-14T17:55:59 IST" name="startTest" finished-at="2025-12-14T17:55:59 IST" duration-ms="0" status="PASS">
          <params>
            <param index="0">
              <value>
                <![CDATA[public void apitesting_tests.All_ApisRequest.postRequest_api_endpoint()]]>
              </value>
            </param>
          </params>
          <reporter-output>
          </reporter-output>
        </test-method> <!-- startTest -->
        <test-method is-config="true" signature="getResult(org.testng.ITestResult)[pri:0, instance:apitesting_tests.All_ApisRequest@fdefd3f]" started-at="2025-12-14T17:56:00 IST" name="getResult" finished-at="2025-12-14T17:56:00 IST" duration-ms="0" status="PASS">
          <params>
            <param index="0">
              <value>
                <![CDATA[[TestResult name=postRequest_api_endpoint status=SUCCESS method=All_ApisRequest.postRequest_api_endpoint()[pri:0, instance:apitesting_tests.All_ApisRequest@fdefd3f] output={null}]]]>
              </value>
            </param>
          </params>
          <reporter-output>
          </reporter-output>
        </test-method> <!-- getResult -->
        <test-method signature="postRequest_api_endpoint_Map()[pri:0, instance:apitesting_tests.All_ApisRequest@fdefd3f]" started-at="2025-12-14T17:56:00 IST" name="postRequest_api_endpoint_Map" description="POST REQUEST API Using HashMap Most common in real projects" finished-at="2025-12-14T17:56:00 IST" duration-ms="591" status="PASS">
          <reporter-output>
          </reporter-output>
        </test-method> <!-- postRequest_api_endpoint_Map -->
        <test-method is-config="true" signature="startTest(java.lang.reflect.Method)[pri:0, instance:apitesting_tests.All_ApisRequest@fdefd3f]" started-at="2025-12-14T17:56:00 IST" name="startTest" finished-at="2025-12-14T17:56:00 IST" duration-ms="0" status="PASS">
          <params>
            <param index="0">
              <value>
                <![CDATA[public void apitesting_tests.All_ApisRequest.postRequest_api_endpoint_Map()]]>
              </value>
            </param>
          </params>
          <reporter-output>
          </reporter-output>
        </test-method> <!-- startTest -->
        <test-method is-config="true" signature="getResult(org.testng.ITestResult)[pri:0, instance:apitesting_tests.All_ApisRequest@fdefd3f]" started-at="2025-12-14T17:56:00 IST" name="getResult" finished-at="2025-12-14T17:56:00 IST" duration-ms="1" status="PASS">
          <params>
            <param index="0">
              <value>
                <![CDATA[[TestResult name=postRequest_api_endpoint_Map status=SUCCESS method=All_ApisRequest.postRequest_api_endpoint_Map()[pri:0, instance:apitesting_tests.All_ApisRequest@fdefd3f] output={null}]]]>
              </value>
            </param>
          </params>
          <reporter-output>
          </reporter-output>
        </test-method> <!-- getResult -->
        <test-method signature="postRequest_api_endpoint_Pojo()[pri:0, instance:apitesting_tests.All_ApisRequest@fdefd3f]" started-at="2025-12-14T17:56:00 IST" name="postRequest_api_endpoint_Pojo" description="POST REQUEST API Using Pojo(simple JSON)" finished-at="2025-12-14T17:56:01 IST" duration-ms="1060" status="PASS">
          <reporter-output>
          </reporter-output>
        </test-method> <!-- postRequest_api_endpoint_Pojo -->
        <test-method is-config="true" signature="startTest(java.lang.reflect.Method)[pri:0, instance:apitesting_tests.All_ApisRequest@fdefd3f]" started-at="2025-12-14T17:56:00 IST" name="startTest" finished-at="2025-12-14T17:56:00 IST" duration-ms="0" status="PASS">
          <params>
            <param index="0">
              <value>
                <![CDATA[public void apitesting_tests.All_ApisRequest.postRequest_api_endpoint_Pojo()]]>
              </value>
            </param>
          </params>
          <reporter-output>
          </reporter-output>
        </test-method> <!-- startTest -->
        <test-method is-config="true" signature="getResult(org.testng.ITestResult)[pri:0, instance:apitesting_tests.All_ApisRequest@fdefd3f]" started-at="2025-12-14T17:56:01 IST" name="getResult" finished-at="2025-12-14T17:56:01 IST" duration-ms="1" status="PASS">
          <params>
            <param index="0">
              <value>
                <![CDATA[[TestResult name=postRequest_api_endpoint_Pojo status=SUCCESS method=All_ApisRequest.postRequest_api_endpoint_Pojo()[pri:0, instance:apitesting_tests.All_ApisRequest@fdefd3f] output={null}]]]>
              </value>
            </param>
          </params>
          <reporter-output>
          </reporter-output>
        </test-method> <!-- getResult -->
        <test-method signature="postRequest_api_endpoint_PojoJsonArray()[pri:0, instance:apitesting_tests.All_ApisRequest@fdefd3f]" started-at="2025-12-14T17:56:01 IST" name="postRequest_api_endpoint_PojoJsonArray" description="POST REQUEST API Using Pojo(JSONARRAY)" finished-at="2025-12-14T17:56:02 IST" duration-ms="610" status="PASS">
          <reporter-output>
          </reporter-output>
        </test-method> <!-- postRequest_api_endpoint_PojoJsonArray -->
        <test-method is-config="true" signature="startTest(java.lang.reflect.Method)[pri:0, instance:apitesting_tests.All_ApisRequest@fdefd3f]" started-at="2025-12-14T17:56:01 IST" name="startTest" finished-at="2025-12-14T17:56:01 IST" duration-ms="0" status="PASS">
          <params>
            <param index="0">
              <value>
                <![CDATA[public void apitesting_tests.All_ApisRequest.postRequest_api_endpoint_PojoJsonArray()]]>
              </value>
            </param>
          </params>
          <reporter-output>
          </reporter-output>
        </test-method> <!-- startTest -->
        <test-method is-config="true" signature="getResult(org.testng.ITestResult)[pri:0, instance:apitesting_tests.All_ApisRequest@fdefd3f]" started-at="2025-12-14T17:56:02 IST" name="getResult" finished-at="2025-12-14T17:56:02 IST" duration-ms="1" status="PASS">
          <params>
            <param index="0">
              <value>
                <![CDATA[[TestResult name=postRequest_api_endpoint_PojoJsonArray status=SUCCESS method=All_ApisRequest.postRequest_api_endpoint_PojoJsonArray()[pri:0, instance:apitesting_tests.All_ApisRequest@fdefd3f] output={null}]]]>
              </value>
            </param>
          </params>
          <reporter-output>
          </reporter-output>
        </test-method> <!-- getResult -->
        <test-method is-config="true" signature="startTest(java.lang.reflect.Method)[pri:0, instance:apitesting_tests.All_ApisRequest@fdefd3f]" started-at="2025-12-14T17:56:02 IST" name="startTest" finished-at="2025-12-14T17:56:02 IST" duration-ms="0" status="PASS">
          <params>
            <param index="0">
              <value>
                <![CDATA[public void apitesting_tests.All_ApisRequest.putRequest_api_endpoint()]]>
              </value>
            </param>
          </params>
          <reporter-output>
          </reporter-output>
        </test-method> <!-- startTest -->
        <test-method signature="putRequest_api_endpoint()[pri:0, instance:apitesting_tests.All_ApisRequest@fdefd3f]" started-at="2025-12-14T17:56:02 IST" name="putRequest_api_endpoint" description="PUT REQUEST API" finished-at="2025-12-14T17:56:03 IST" duration-ms="1022" status="PASS">
          <reporter-output>
          </reporter-output>
        </test-method> <!-- putRequest_api_endpoint -->
        <test-method is-config="true" signature="getResult(org.testng.ITestResult)[pri:0, instance:apitesting_tests.All_ApisRequest@fdefd3f]" started-at="2025-12-14T17:56:03 IST" name="getResult" finished-at="2025-12-14T17:56:03 IST" duration-ms="0" status="PASS">
          <params>
            <param index="0">
              <value>
                <![CDATA[[TestResult name=putRequest_api_endpoint status=SUCCESS method=All_ApisRequest.putRequest_api_endpoint()[pri:0, instance:apitesting_tests.All_ApisRequest@fdefd3f] output={null}]]]>
              </value>
            </param>
          </params>
          <reporter-output>
          </reporter-output>
        </test-method> <!-- getResult -->
        <test-method is-config="true" signature="endReport()[pri:0, instance:apitesting_tests.All_ApisRequest@fdefd3f]" started-at="2025-12-14T17:56:03 IST" name="endReport" finished-at="2025-12-14T17:56:03 IST" duration-ms="93" status="PASS">
          <reporter-output>
          </reporter-output>
        </test-method> <!-- endReport -->
      </class> <!-- apitesting_tests.All_ApisRequest -->
    </test> <!-- Default test -->
  </suite> <!-- Default suite -->
</testng-results>
