<?xml version="1.0" encoding="UTF-8"?>
<testng-results ignored="1" total="9" passed="8" failed="0" skipped="0">
  <reporter-output>
  </reporter-output>
  <suite started-at="2025-12-17T13:34:12 IST" name="RestAssured_API_Testing Groups Test cases" finished-at="2025-12-17T13:34:18 IST" duration-ms="6178">
    <groups>
      <group name="Regressiontestsuite">
        <method signature="All_ApisRequest.getRequest_api_endpoint()[pri:0, instance:apitesting_tests.All_ApisRequest@527e5409]" name="getRequest_api_endpoint" class="apitesting_tests.All_ApisRequest"/>
        <method signature="All_ApisRequest.postRequest_api_endpoint()[pri:0, instance:apitesting_tests.All_ApisRequest@527e5409]" name="postRequest_api_endpoint" class="apitesting_tests.All_ApisRequest"/>
        <method signature="All_ApisRequest.postRequest_api_endpoint_Pojo()[pri:0, instance:apitesting_tests.All_ApisRequest@527e5409]" name="postRequest_api_endpoint_Pojo" class="apitesting_tests.All_ApisRequest"/>
        <method signature="All_ApisRequest.postRequest_api_endpoint_PojoJsonArray()[pri:0, instance:apitesting_tests.All_ApisRequest@527e5409]" name="postRequest_api_endpoint_PojoJsonArray" class="apitesting_tests.All_ApisRequest"/>
        <method signature="All_ApisRequest.putRequest_api_endpoint()[pri:0, instance:apitesting_tests.All_ApisRequest@527e5409]" name="putRequest_api_endpoint" class="apitesting_tests.All_ApisRequest"/>
      </group> <!-- Regressiontestsuite -->
      <group name="Smoketestsuite">
        <method signature="All_ApisRequest.CreateProductWithToken()[pri:0, instance:apitesting_tests.All_ApisRequest@527e5409]" name="CreateProductWithToken" class="apitesting_tests.All_ApisRequest"/>
        <method signature="All_ApisRequest.patchRequest_api_endpoint()[pri:0, instance:apitesting_tests.All_ApisRequest@527e5409]" name="patchRequest_api_endpoint" class="apitesting_tests.All_ApisRequest"/>
        <method signature="All_ApisRequest.postRequest_api_endpoint_Map()[pri:0, instance:apitesting_tests.All_ApisRequest@527e5409]" name="postRequest_api_endpoint_Map" class="apitesting_tests.All_ApisRequest"/>
        <method signature="All_ApisRequest.putRequest_api_endpoint()[pri:0, instance:apitesting_tests.All_ApisRequest@527e5409]" name="putRequest_api_endpoint" class="apitesting_tests.All_ApisRequest"/>
      </group> <!-- Smoketestsuite -->
    </groups>
    <test started-at="2025-12-17T13:34:12 IST" name="Test Cases API" finished-at="2025-12-17T13:34:18 IST" duration-ms="6178">
      <class name="apitesting_tests.All_ApisRequest">
        <test-method is-config="true" signature="config()[pri:0, instance:apitesting_tests.All_ApisRequest@527e5409]" started-at="2025-12-17T13:34:12 IST" name="config" finished-at="2025-12-17T13:34:12 IST" duration-ms="77" status="PASS">
          <reporter-output>
          </reporter-output>
        </test-method> <!-- config -->
        <test-method is-config="true" signature="startTest(java.lang.reflect.Method)[pri:0, instance:apitesting_tests.All_ApisRequest@527e5409]" started-at="2025-12-17T13:34:12 IST" name="startTest" finished-at="2025-12-17T13:34:12 IST" duration-ms="2" status="PASS">
          <params>
            <param index="0">
              <value>
                <![CDATA[public void apitesting_tests.All_ApisRequest.CreateProductWithToken()]]>
              </value>
            </param>
          </params>
          <reporter-output>
          </reporter-output>
        </test-method> <!-- startTest -->
        <test-method signature="CreateProductWithToken()[pri:0, instance:apitesting_tests.All_ApisRequest@527e5409]" started-at="2025-12-17T13:34:12 IST" name="CreateProductWithToken" finished-at="2025-12-17T13:34:14 IST" duration-ms="1893" status="PASS">
          <reporter-output>
          </reporter-output>
        </test-method> <!-- CreateProductWithToken -->
        <test-method is-config="true" signature="getResult(org.testng.ITestResult)[pri:0, instance:apitesting_tests.All_ApisRequest@527e5409]" started-at="2025-12-17T13:34:14 IST" name="getResult" finished-at="2025-12-17T13:34:14 IST" duration-ms="5" status="PASS">
          <params>
            <param index="0">
              <value>
                <![CDATA[[TestResult name=CreateProductWithToken status=SUCCESS method=All_ApisRequest.CreateProductWithToken()[pri:0, instance:apitesting_tests.All_ApisRequest@527e5409] output={null}]]]>
              </value>
            </param>
          </params>
          <reporter-output>
          </reporter-output>
        </test-method> <!-- getResult -->
        <test-method is-config="true" signature="startTest(java.lang.reflect.Method)[pri:0, instance:apitesting_tests.All_ApisRequest@527e5409]" started-at="2025-12-17T13:34:14 IST" name="startTest" finished-at="2025-12-17T13:34:14 IST" duration-ms="0" status="PASS">
          <params>
            <param index="0">
              <value>
                <![CDATA[public void apitesting_tests.All_ApisRequest.getRequest_api_endpoint()]]>
              </value>
            </param>
          </params>
          <reporter-output>
          </reporter-output>
        </test-method> <!-- startTest -->
        <test-method signature="getRequest_api_endpoint()[pri:0, instance:apitesting_tests.All_ApisRequest@527e5409]" started-at="2025-12-17T13:34:14 IST" name="getRequest_api_endpoint" description="GET REQUEST API" finished-at="2025-12-17T13:34:14 IST" duration-ms="472" status="PASS">
          <reporter-output>
          </reporter-output>
        </test-method> <!-- getRequest_api_endpoint -->
        <test-method is-config="true" signature="getResult(org.testng.ITestResult)[pri:0, instance:apitesting_tests.All_ApisRequest@527e5409]" started-at="2025-12-17T13:34:14 IST" name="getResult" finished-at="2025-12-17T13:34:14 IST" duration-ms="1" status="PASS">
          <params>
            <param index="0">
              <value>
                <![CDATA[[TestResult name=getRequest_api_endpoint status=SUCCESS method=All_ApisRequest.getRequest_api_endpoint()[pri:0, instance:apitesting_tests.All_ApisRequest@527e5409] output={null}]]]>
              </value>
            </param>
          </params>
          <reporter-output>
          </reporter-output>
        </test-method> <!-- getResult -->
        <test-method is-config="true" signature="startTest(java.lang.reflect.Method)[pri:0, instance:apitesting_tests.All_ApisRequest@527e5409]" started-at="2025-12-17T13:34:14 IST" name="startTest" finished-at="2025-12-17T13:34:14 IST" duration-ms="0" status="PASS">
          <params>
            <param index="0">
              <value>
                <![CDATA[public void apitesting_tests.All_ApisRequest.patchRequest_api_endpoint()]]>
              </value>
            </param>
          </params>
          <reporter-output>
          </reporter-output>
        </test-method> <!-- startTest -->
        <test-method signature="patchRequest_api_endpoint()[pri:0, instance:apitesting_tests.All_ApisRequest@527e5409]" started-at="2025-12-17T13:34:14 IST" name="patchRequest_api_endpoint" description="PATCH REQUEST API" finished-at="2025-12-17T13:34:15 IST" duration-ms="674" status="PASS">
          <reporter-output>
          </reporter-output>
        </test-method> <!-- patchRequest_api_endpoint -->
        <test-method is-config="true" signature="getResult(org.testng.ITestResult)[pri:0, instance:apitesting_tests.All_ApisRequest@527e5409]" started-at="2025-12-17T13:34:15 IST" name="getResult" finished-at="2025-12-17T13:34:15 IST" duration-ms="0" status="PASS">
          <params>
            <param index="0">
              <value>
                <![CDATA[[TestResult name=patchRequest_api_endpoint status=SUCCESS method=All_ApisRequest.patchRequest_api_endpoint()[pri:0, instance:apitesting_tests.All_ApisRequest@527e5409] output={null}]]]>
              </value>
            </param>
          </params>
          <reporter-output>
          </reporter-output>
        </test-method> <!-- getResult -->
        <test-method is-config="true" signature="startTest(java.lang.reflect.Method)[pri:0, instance:apitesting_tests.All_ApisRequest@527e5409]" started-at="2025-12-17T13:34:15 IST" name="startTest" finished-at="2025-12-17T13:34:15 IST" duration-ms="0" status="PASS">
          <params>
            <param index="0">
              <value>
                <![CDATA[public void apitesting_tests.All_ApisRequest.postRequest_api_endpoint()]]>
              </value>
            </param>
          </params>
          <reporter-output>
          </reporter-output>
        </test-method> <!-- startTest -->
        <test-method signature="postRequest_api_endpoint()[pri:0, instance:apitesting_tests.All_ApisRequest@527e5409]" started-at="2025-12-17T13:34:15 IST" name="postRequest_api_endpoint" description="POST REQUEST API Using String (Raw JSON body)" finished-at="2025-12-17T13:34:16 IST" duration-ms="628" status="PASS">
          <reporter-output>
          </reporter-output>
        </test-method> <!-- postRequest_api_endpoint -->
        <test-method is-config="true" signature="getResult(org.testng.ITestResult)[pri:0, instance:apitesting_tests.All_ApisRequest@527e5409]" started-at="2025-12-17T13:34:16 IST" name="getResult" finished-at="2025-12-17T13:34:16 IST" duration-ms="1" status="PASS">
          <params>
            <param index="0">
              <value>
                <![CDATA[[TestResult name=postRequest_api_endpoint status=SUCCESS method=All_ApisRequest.postRequest_api_endpoint()[pri:0, instance:apitesting_tests.All_ApisRequest@527e5409] output={null}]]]>
              </value>
            </param>
          </params>
          <reporter-output>
          </reporter-output>
        </test-method> <!-- getResult -->
        <test-method signature="postRequest_api_endpoint_Map()[pri:0, instance:apitesting_tests.All_ApisRequest@527e5409]" started-at="2025-12-17T13:34:16 IST" name="postRequest_api_endpoint_Map" description="POST REQUEST API Using HashMap Most common in real projects" finished-at="2025-12-17T13:34:16 IST" duration-ms="610" status="PASS">
          <reporter-output>
          </reporter-output>
        </test-method> <!-- postRequest_api_endpoint_Map -->
        <test-method is-config="true" signature="startTest(java.lang.reflect.Method)[pri:0, instance:apitesting_tests.All_ApisRequest@527e5409]" started-at="2025-12-17T13:34:16 IST" name="startTest" finished-at="2025-12-17T13:34:16 IST" duration-ms="0" status="PASS">
          <params>
            <param index="0">
              <value>
                <![CDATA[public void apitesting_tests.All_ApisRequest.postRequest_api_endpoint_Map()]]>
              </value>
            </param>
          </params>
          <reporter-output>
          </reporter-output>
        </test-method> <!-- startTest -->
        <test-method is-config="true" signature="getResult(org.testng.ITestResult)[pri:0, instance:apitesting_tests.All_ApisRequest@527e5409]" started-at="2025-12-17T13:34:16 IST" name="getResult" finished-at="2025-12-17T13:34:16 IST" duration-ms="0" status="PASS">
          <params>
            <param index="0">
              <value>
                <![CDATA[[TestResult name=postRequest_api_endpoint_Map status=SUCCESS method=All_ApisRequest.postRequest_api_endpoint_Map()[pri:0, instance:apitesting_tests.All_ApisRequest@527e5409] output={null}]]]>
              </value>
            </param>
          </params>
          <reporter-output>
          </reporter-output>
        </test-method> <!-- getResult -->
        <test-method is-config="true" signature="startTest(java.lang.reflect.Method)[pri:0, instance:apitesting_tests.All_ApisRequest@527e5409]" started-at="2025-12-17T13:34:16 IST" name="startTest" finished-at="2025-12-17T13:34:16 IST" duration-ms="0" status="PASS">
          <params>
            <param index="0">
              <value>
                <![CDATA[public void apitesting_tests.All_ApisRequest.postRequest_api_endpoint_Pojo()]]>
              </value>
            </param>
          </params>
          <reporter-output>
          </reporter-output>
        </test-method> <!-- startTest -->
        <test-method signature="postRequest_api_endpoint_Pojo()[pri:0, instance:apitesting_tests.All_ApisRequest@527e5409]" started-at="2025-12-17T13:34:16 IST" name="postRequest_api_endpoint_Pojo" description="POST REQUEST API Using Pojo(simple JSON)" finished-at="2025-12-17T13:34:17 IST" duration-ms="616" status="PASS">
          <reporter-output>
          </reporter-output>
        </test-method> <!-- postRequest_api_endpoint_Pojo -->
        <test-method is-config="true" signature="getResult(org.testng.ITestResult)[pri:0, instance:apitesting_tests.All_ApisRequest@527e5409]" started-at="2025-12-17T13:34:17 IST" name="getResult" finished-at="2025-12-17T13:34:17 IST" duration-ms="1" status="PASS">
          <params>
            <param index="0">
              <value>
                <![CDATA[[TestResult name=postRequest_api_endpoint_Pojo status=SUCCESS method=All_ApisRequest.postRequest_api_endpoint_Pojo()[pri:0, instance:apitesting_tests.All_ApisRequest@527e5409] output={null}]]]>
              </value>
            </param>
          </params>
          <reporter-output>
          </reporter-output>
        </test-method> <!-- getResult -->
        <test-method is-config="true" signature="startTest(java.lang.reflect.Method)[pri:0, instance:apitesting_tests.All_ApisRequest@527e5409]" started-at="2025-12-17T13:34:17 IST" name="startTest" finished-at="2025-12-17T13:34:17 IST" duration-ms="0" status="PASS">
          <params>
            <param index="0">
              <value>
                <![CDATA[public void apitesting_tests.All_ApisRequest.postRequest_api_endpoint_PojoJsonArray()]]>
              </value>
            </param>
          </params>
          <reporter-output>
          </reporter-output>
        </test-method> <!-- startTest -->
        <test-method signature="postRequest_api_endpoint_PojoJsonArray()[pri:0, instance:apitesting_tests.All_ApisRequest@527e5409]" started-at="2025-12-17T13:34:17 IST" name="postRequest_api_endpoint_PojoJsonArray" description="POST REQUEST API Using Pojo(JSONARRAY)" finished-at="2025-12-17T13:34:18 IST" duration-ms="630" status="PASS">
          <reporter-output>
          </reporter-output>
        </test-method> <!-- postRequest_api_endpoint_PojoJsonArray -->
        <test-method is-config="true" signature="getResult(org.testng.ITestResult)[pri:0, instance:apitesting_tests.All_ApisRequest@527e5409]" started-at="2025-12-17T13:34:18 IST" name="getResult" finished-at="2025-12-17T13:34:18 IST" duration-ms="1" status="PASS">
          <params>
            <param index="0">
              <value>
                <![CDATA[[TestResult name=postRequest_api_endpoint_PojoJsonArray status=SUCCESS method=All_ApisRequest.postRequest_api_endpoint_PojoJsonArray()[pri:0, instance:apitesting_tests.All_ApisRequest@527e5409] output={null}]]]>
              </value>
            </param>
          </params>
          <reporter-output>
          </reporter-output>
        </test-method> <!-- getResult -->
        <test-method signature="putRequest_api_endpoint()[pri:0, instance:apitesting_tests.All_ApisRequest@527e5409]" started-at="2025-12-17T13:34:18 IST" name="putRequest_api_endpoint" description="PUT REQUEST API" finished-at="2025-12-17T13:34:18 IST" duration-ms="619" status="PASS">
          <reporter-output>
          </reporter-output>
        </test-method> <!-- putRequest_api_endpoint -->
        <test-method is-config="true" signature="startTest(java.lang.reflect.Method)[pri:0, instance:apitesting_tests.All_ApisRequest@527e5409]" started-at="2025-12-17T13:34:18 IST" name="startTest" finished-at="2025-12-17T13:34:18 IST" duration-ms="0" status="PASS">
          <params>
            <param index="0">
              <value>
                <![CDATA[public void apitesting_tests.All_ApisRequest.putRequest_api_endpoint()]]>
              </value>
            </param>
          </params>
          <reporter-output>
          </reporter-output>
        </test-method> <!-- startTest -->
        <test-method is-config="true" signature="getResult(org.testng.ITestResult)[pri:0, instance:apitesting_tests.All_ApisRequest@527e5409]" started-at="2025-12-17T13:34:18 IST" name="getResult" finished-at="2025-12-17T13:34:18 IST" duration-ms="0" status="PASS">
          <params>
            <param index="0">
              <value>
                <![CDATA[[TestResult name=putRequest_api_endpoint status=SUCCESS method=All_ApisRequest.putRequest_api_endpoint()[pri:0, instance:apitesting_tests.All_ApisRequest@527e5409] output={null}]]]>
              </value>
            </param>
          </params>
          <reporter-output>
          </reporter-output>
        </test-method> <!-- getResult -->
        <test-method is-config="true" signature="endReport()[pri:0, instance:apitesting_tests.All_ApisRequest@527e5409]" started-at="2025-12-17T13:34:18 IST" name="endReport" finished-at="2025-12-17T13:34:18 IST" duration-ms="85" status="PASS">
          <reporter-output>
          </reporter-output>
        </test-method> <!-- endReport -->
      </class> <!-- apitesting_tests.All_ApisRequest -->
    </test> <!-- Test Cases API -->
  </suite> <!-- RestAssured_API_Testing Groups Test cases -->
</testng-results>
