<?xml version="1.0" encoding="UTF-8"?>
<testng-results ignored="1" total="8" passed="6" failed="1" skipped="0">
  <reporter-output>
  </reporter-output>
  <suite started-at="2025-12-14T19:34:45 IST" name="RestAssured_API_Testing Groups Test cases" finished-at="2025-12-14T19:34:51 IST" duration-ms="5873">
    <groups>
      <group name="Regressiontestsuite">
        <method signature="All_ApisRequest.getRequest_api_endpoint()[pri:0, instance:apitesting_tests.All_ApisRequest@7a52f2a2]" name="getRequest_api_endpoint" class="apitesting_tests.All_ApisRequest"/>
        <method signature="All_ApisRequest.postRequest_api_endpoint()[pri:0, instance:apitesting_tests.All_ApisRequest@7a52f2a2]" name="postRequest_api_endpoint" class="apitesting_tests.All_ApisRequest"/>
        <method signature="All_ApisRequest.postRequest_api_endpoint_Pojo()[pri:0, instance:apitesting_tests.All_ApisRequest@7a52f2a2]" name="postRequest_api_endpoint_Pojo" class="apitesting_tests.All_ApisRequest"/>
        <method signature="All_ApisRequest.postRequest_api_endpoint_PojoJsonArray()[pri:0, instance:apitesting_tests.All_ApisRequest@7a52f2a2]" name="postRequest_api_endpoint_PojoJsonArray" class="apitesting_tests.All_ApisRequest"/>
        <method signature="All_ApisRequest.putRequest_api_endpoint()[pri:0, instance:apitesting_tests.All_ApisRequest@7a52f2a2]" name="putRequest_api_endpoint" class="apitesting_tests.All_ApisRequest"/>
      </group> <!-- Regressiontestsuite -->
      <group name="Smoketestsuite">
        <method signature="All_ApisRequest.patchRequest_api_endpoint()[pri:0, instance:apitesting_tests.All_ApisRequest@7a52f2a2]" name="patchRequest_api_endpoint" class="apitesting_tests.All_ApisRequest"/>
        <method signature="All_ApisRequest.postRequest_api_endpoint_Map()[pri:0, instance:apitesting_tests.All_ApisRequest@7a52f2a2]" name="postRequest_api_endpoint_Map" class="apitesting_tests.All_ApisRequest"/>
        <method signature="All_ApisRequest.putRequest_api_endpoint()[pri:0, instance:apitesting_tests.All_ApisRequest@7a52f2a2]" name="putRequest_api_endpoint" class="apitesting_tests.All_ApisRequest"/>
      </group> <!-- Smoketestsuite -->
    </groups>
    <test started-at="2025-12-14T19:34:45 IST" name="Test Cases API" finished-at="2025-12-14T19:34:51 IST" duration-ms="5873">
      <class name="apitesting_tests.All_ApisRequest">
        <test-method is-config="true" signature="config()[pri:0, instance:apitesting_tests.All_ApisRequest@7a52f2a2]" started-at="2025-12-14T19:34:45 IST" name="config" finished-at="2025-12-14T19:34:45 IST" duration-ms="79" status="PASS">
          <reporter-output>
          </reporter-output>
        </test-method> <!-- config -->
        <test-method is-config="true" signature="startTest(java.lang.reflect.Method)[pri:0, instance:apitesting_tests.All_ApisRequest@7a52f2a2]" started-at="2025-12-14T19:34:45 IST" name="startTest" finished-at="2025-12-14T19:34:45 IST" duration-ms="1" status="PASS">
          <params>
            <param index="0">
              <value>
                <![CDATA[public void apitesting_tests.All_ApisRequest.getRequest_api_endpoint()]]>
              </value>
            </param>
          </params>
          <reporter-output>
          </reporter-output>
        </test-method> <!-- startTest -->
        <test-method signature="getRequest_api_endpoint()[pri:0, instance:apitesting_tests.All_ApisRequest@7a52f2a2]" started-at="2025-12-14T19:34:45 IST" name="getRequest_api_endpoint" description="GET REQUEST API" finished-at="2025-12-14T19:34:46 IST" duration-ms="898" status="FAIL">
          <exception class="java.lang.AssertionError">
            <message>
              <![CDATA[1 expectation failed.
Expected status code <210> but was <200>.
]]>
            </message>
            <full-stacktrace>
              <![CDATA[java.lang.AssertionError: 1 expectation failed.
Expected status code <210> but was <200>.

at java.base/jdk.internal.reflect.DirectConstructorHandleAccessor.newInstance(DirectConstructorHandleAccessor.java:62)
at java.base/java.lang.reflect.Constructor.newInstanceWithCaller(Constructor.java:499)
at java.base/java.lang.reflect.Constructor.newInstance(Constructor.java:483)
at org.codehaus.groovy.reflection.CachedConstructor.invoke(CachedConstructor.java:73)
at org.codehaus.groovy.runtime.callsite.ConstructorSite$ConstructorSiteNoUnwrapNoCoerce.callConstructor(ConstructorSite.java:108)
at org.codehaus.groovy.runtime.callsite.CallSiteArray.defaultCallConstructor(CallSiteArray.java:57)
at org.codehaus.groovy.runtime.callsite.AbstractCallSite.callConstructor(AbstractCallSite.java:263)
at org.codehaus.groovy.runtime.callsite.AbstractCallSite.callConstructor(AbstractCallSite.java:277)
at io.restassured.internal.ResponseSpecificationImpl$HamcrestAssertionClosure.validate(ResponseSpecificationImpl.groovy:512)
at io.restassured.internal.ResponseSpecificationImpl$HamcrestAssertionClosure$validate$1.call(Unknown Source)
at org.codehaus.groovy.runtime.callsite.CallSiteArray.defaultCall(CallSiteArray.java:45)
at org.codehaus.groovy.runtime.callsite.AbstractCallSite.call(AbstractCallSite.java:125)
at org.codehaus.groovy.runtime.callsite.AbstractCallSite.call(AbstractCallSite.java:139)
at io.restassured.internal.ResponseSpecificationImpl.validateResponseIfRequired(ResponseSpecificationImpl.groovy:696)
at io.restassured.internal.ResponseSpecificationImpl.this$2$validateResponseIfRequired(ResponseSpecificationImpl.groovy)
at java.base/jdk.internal.reflect.DirectMethodHandleAccessor.invoke(DirectMethodHandleAccessor.java:104)
at java.base/java.lang.reflect.Method.invoke(Method.java:565)
at org.codehaus.groovy.runtime.callsite.PlainObjectMetaMethodSite.doInvoke(PlainObjectMetaMethodSite.java:43)
at org.codehaus.groovy.runtime.callsite.PogoMetaMethodSite$PogoCachedMethodSiteNoUnwrapNoCoerce.invoke(PogoMetaMethodSite.java:198)
at org.codehaus.groovy.runtime.callsite.PogoMetaMethodSite.callCurrent(PogoMetaMethodSite.java:62)
at org.codehaus.groovy.runtime.callsite.CallSiteArray.defaultCallCurrent(CallSiteArray.java:49)
at org.codehaus.groovy.runtime.callsite.AbstractCallSite.callCurrent(AbstractCallSite.java:171)
at org.codehaus.groovy.runtime.callsite.AbstractCallSite.callCurrent(AbstractCallSite.java:185)
at io.restassured.internal.ResponseSpecificationImpl.statusCode(ResponseSpecificationImpl.groovy:135)
at io.restassured.specification.ResponseSpecification$statusCode$0.callCurrent(Unknown Source)
at org.codehaus.groovy.runtime.callsite.CallSiteArray.defaultCallCurrent(CallSiteArray.java:49)
at org.codehaus.groovy.runtime.callsite.AbstractCallSite.callCurrent(AbstractCallSite.java:171)
at org.codehaus.groovy.runtime.callsite.AbstractCallSite.callCurrent(AbstractCallSite.java:185)
at io.restassured.internal.ResponseSpecificationImpl.statusCode(ResponseSpecificationImpl.groovy:143)
at io.restassured.internal.ValidatableResponseOptionsImpl.statusCode(ValidatableResponseOptionsImpl.java:89)
at apitesting_tests.All_ApisRequest.getRequest_api_endpoint(All_ApisRequest.java:33)
at java.base/jdk.internal.reflect.DirectMethodHandleAccessor.invoke(DirectMethodHandleAccessor.java:104)
at java.base/java.lang.reflect.Method.invoke(Method.java:565)
at org.testng.internal.MethodInvocationHelper.invokeMethod(MethodInvocationHelper.java:133)
at org.testng.internal.TestInvoker.invokeMethod(TestInvoker.java:584)
at org.testng.internal.TestInvoker.invokeTestMethod(TestInvoker.java:172)
at org.testng.internal.MethodRunner.runInSequence(MethodRunner.java:46)
at org.testng.internal.TestInvoker$MethodInvocationAgent.invoke(TestInvoker.java:804)
at org.testng.internal.TestInvoker.invokeTestMethods(TestInvoker.java:145)
at org.testng.internal.TestMethodWorker.invokeTestMethods(TestMethodWorker.java:146)
at org.testng.internal.TestMethodWorker.run(TestMethodWorker.java:128)
at java.base/java.util.ArrayList.forEach(ArrayList.java:1604)
at org.testng.TestRunner.privateRun(TestRunner.java:770)
at org.testng.TestRunner.run(TestRunner.java:591)
at org.testng.SuiteRunner.runTest(SuiteRunner.java:402)
at org.testng.SuiteRunner.runSequentially(SuiteRunner.java:396)
at org.testng.SuiteRunner.privateRun(SuiteRunner.java:355)
at org.testng.SuiteRunner.run(SuiteRunner.java:304)
at org.testng.SuiteRunnerWorker.runSuite(SuiteRunnerWorker.java:53)
at org.testng.SuiteRunnerWorker.run(SuiteRunnerWorker.java:96)
at org.testng.TestNG.runSuitesSequentially(TestNG.java:1180)
at org.testng.TestNG.runSuitesLocally(TestNG.java:1102)
at org.testng.TestNG.runSuites(TestNG.java:1032)
at org.testng.TestNG.run(TestNG.java:1000)
at org.testng.remote.AbstractRemoteTestNG.run(AbstractRemoteTestNG.java:115)
at org.testng.remote.RemoteTestNG.initAndRun(RemoteTestNG.java:293)
at org.testng.remote.RemoteTestNG.main(RemoteTestNG.java:91)
]]>
            </full-stacktrace>
          </exception> <!-- java.lang.AssertionError -->
          <reporter-output>
          </reporter-output>
        </test-method> <!-- getRequest_api_endpoint -->
        <test-method is-config="true" signature="getResult(org.testng.ITestResult)[pri:0, instance:apitesting_tests.All_ApisRequest@7a52f2a2]" started-at="2025-12-14T19:34:46 IST" name="getResult" finished-at="2025-12-14T19:34:46 IST" duration-ms="2" status="PASS">
          <params>
            <param index="0">
              <value>
                <![CDATA[[TestResult name=getRequest_api_endpoint status=FAILURE method=All_ApisRequest.getRequest_api_endpoint()[pri:0, instance:apitesting_tests.All_ApisRequest@7a52f2a2] output={null}]]]>
              </value>
            </param>
          </params>
          <reporter-output>
          </reporter-output>
        </test-method> <!-- getResult -->
        <test-method signature="patchRequest_api_endpoint()[pri:0, instance:apitesting_tests.All_ApisRequest@7a52f2a2]" started-at="2025-12-14T19:34:46 IST" name="patchRequest_api_endpoint" description="PATCH REQUEST API" finished-at="2025-12-14T19:34:47 IST" duration-ms="1143" status="PASS">
          <reporter-output>
          </reporter-output>
        </test-method> <!-- patchRequest_api_endpoint -->
        <test-method is-config="true" signature="startTest(java.lang.reflect.Method)[pri:0, instance:apitesting_tests.All_ApisRequest@7a52f2a2]" started-at="2025-12-14T19:34:46 IST" name="startTest" finished-at="2025-12-14T19:34:46 IST" duration-ms="0" status="PASS">
          <params>
            <param index="0">
              <value>
                <![CDATA[public void apitesting_tests.All_ApisRequest.patchRequest_api_endpoint()]]>
              </value>
            </param>
          </params>
          <reporter-output>
          </reporter-output>
        </test-method> <!-- startTest -->
        <test-method is-config="true" signature="getResult(org.testng.ITestResult)[pri:0, instance:apitesting_tests.All_ApisRequest@7a52f2a2]" started-at="2025-12-14T19:34:47 IST" name="getResult" finished-at="2025-12-14T19:34:47 IST" duration-ms="1" status="PASS">
          <params>
            <param index="0">
              <value>
                <![CDATA[[TestResult name=patchRequest_api_endpoint status=SUCCESS method=All_ApisRequest.patchRequest_api_endpoint()[pri:0, instance:apitesting_tests.All_ApisRequest@7a52f2a2] output={null}]]]>
              </value>
            </param>
          </params>
          <reporter-output>
          </reporter-output>
        </test-method> <!-- getResult -->
        <test-method is-config="true" signature="startTest(java.lang.reflect.Method)[pri:0, instance:apitesting_tests.All_ApisRequest@7a52f2a2]" started-at="2025-12-14T19:34:47 IST" name="startTest" finished-at="2025-12-14T19:34:47 IST" duration-ms="1" status="PASS">
          <params>
            <param index="0">
              <value>
                <![CDATA[public void apitesting_tests.All_ApisRequest.postRequest_api_endpoint()]]>
              </value>
            </param>
          </params>
          <reporter-output>
          </reporter-output>
        </test-method> <!-- startTest -->
        <test-method signature="postRequest_api_endpoint()[pri:0, instance:apitesting_tests.All_ApisRequest@7a52f2a2]" started-at="2025-12-14T19:34:47 IST" name="postRequest_api_endpoint" description="POST REQUEST API Using String (Raw JSON body)" finished-at="2025-12-14T19:34:48 IST" duration-ms="724" status="PASS">
          <reporter-output>
          </reporter-output>
        </test-method> <!-- postRequest_api_endpoint -->
        <test-method is-config="true" signature="getResult(org.testng.ITestResult)[pri:0, instance:apitesting_tests.All_ApisRequest@7a52f2a2]" started-at="2025-12-14T19:34:48 IST" name="getResult" finished-at="2025-12-14T19:34:48 IST" duration-ms="1" status="PASS">
          <params>
            <param index="0">
              <value>
                <![CDATA[[TestResult name=postRequest_api_endpoint status=SUCCESS method=All_ApisRequest.postRequest_api_endpoint()[pri:0, instance:apitesting_tests.All_ApisRequest@7a52f2a2] output={null}]]]>
              </value>
            </param>
          </params>
          <reporter-output>
          </reporter-output>
        </test-method> <!-- getResult -->
        <test-method is-config="true" signature="startTest(java.lang.reflect.Method)[pri:0, instance:apitesting_tests.All_ApisRequest@7a52f2a2]" started-at="2025-12-14T19:34:48 IST" name="startTest" finished-at="2025-12-14T19:34:48 IST" duration-ms="0" status="PASS">
          <params>
            <param index="0">
              <value>
                <![CDATA[public void apitesting_tests.All_ApisRequest.postRequest_api_endpoint_Map()]]>
              </value>
            </param>
          </params>
          <reporter-output>
          </reporter-output>
        </test-method> <!-- startTest -->
        <test-method signature="postRequest_api_endpoint_Map()[pri:0, instance:apitesting_tests.All_ApisRequest@7a52f2a2]" started-at="2025-12-14T19:34:48 IST" name="postRequest_api_endpoint_Map" description="POST REQUEST API Using HashMap Most common in real projects" finished-at="2025-12-14T19:34:48 IST" duration-ms="703" status="PASS">
          <reporter-output>
          </reporter-output>
        </test-method> <!-- postRequest_api_endpoint_Map -->
        <test-method is-config="true" signature="getResult(org.testng.ITestResult)[pri:0, instance:apitesting_tests.All_ApisRequest@7a52f2a2]" started-at="2025-12-14T19:34:48 IST" name="getResult" finished-at="2025-12-14T19:34:48 IST" duration-ms="1" status="PASS">
          <params>
            <param index="0">
              <value>
                <![CDATA[[TestResult name=postRequest_api_endpoint_Map status=SUCCESS method=All_ApisRequest.postRequest_api_endpoint_Map()[pri:0, instance:apitesting_tests.All_ApisRequest@7a52f2a2] output={null}]]]>
              </value>
            </param>
          </params>
          <reporter-output>
          </reporter-output>
        </test-method> <!-- getResult -->
        <test-method is-config="true" signature="startTest(java.lang.reflect.Method)[pri:0, instance:apitesting_tests.All_ApisRequest@7a52f2a2]" started-at="2025-12-14T19:34:48 IST" name="startTest" finished-at="2025-12-14T19:34:48 IST" duration-ms="1" status="PASS">
          <params>
            <param index="0">
              <value>
                <![CDATA[public void apitesting_tests.All_ApisRequest.postRequest_api_endpoint_Pojo()]]>
              </value>
            </param>
          </params>
          <reporter-output>
          </reporter-output>
        </test-method> <!-- startTest -->
        <test-method signature="postRequest_api_endpoint_Pojo()[pri:0, instance:apitesting_tests.All_ApisRequest@7a52f2a2]" started-at="2025-12-14T19:34:48 IST" name="postRequest_api_endpoint_Pojo" description="POST REQUEST API Using Pojo(simple JSON)" finished-at="2025-12-14T19:34:49 IST" duration-ms="724" status="PASS">
          <reporter-output>
          </reporter-output>
        </test-method> <!-- postRequest_api_endpoint_Pojo -->
        <test-method is-config="true" signature="getResult(org.testng.ITestResult)[pri:0, instance:apitesting_tests.All_ApisRequest@7a52f2a2]" started-at="2025-12-14T19:34:49 IST" name="getResult" finished-at="2025-12-14T19:34:49 IST" duration-ms="0" status="PASS">
          <params>
            <param index="0">
              <value>
                <![CDATA[[TestResult name=postRequest_api_endpoint_Pojo status=SUCCESS method=All_ApisRequest.postRequest_api_endpoint_Pojo()[pri:0, instance:apitesting_tests.All_ApisRequest@7a52f2a2] output={null}]]]>
              </value>
            </param>
          </params>
          <reporter-output>
          </reporter-output>
        </test-method> <!-- getResult -->
        <test-method signature="postRequest_api_endpoint_PojoJsonArray()[pri:0, instance:apitesting_tests.All_ApisRequest@7a52f2a2]" started-at="2025-12-14T19:34:49 IST" name="postRequest_api_endpoint_PojoJsonArray" description="POST REQUEST API Using Pojo(JSONARRAY)" finished-at="2025-12-14T19:34:50 IST" duration-ms="602" status="PASS">
          <reporter-output>
          </reporter-output>
        </test-method> <!-- postRequest_api_endpoint_PojoJsonArray -->
        <test-method is-config="true" signature="startTest(java.lang.reflect.Method)[pri:0, instance:apitesting_tests.All_ApisRequest@7a52f2a2]" started-at="2025-12-14T19:34:49 IST" name="startTest" finished-at="2025-12-14T19:34:49 IST" duration-ms="0" status="PASS">
          <params>
            <param index="0">
              <value>
                <![CDATA[public void apitesting_tests.All_ApisRequest.postRequest_api_endpoint_PojoJsonArray()]]>
              </value>
            </param>
          </params>
          <reporter-output>
          </reporter-output>
        </test-method> <!-- startTest -->
        <test-method is-config="true" signature="getResult(org.testng.ITestResult)[pri:0, instance:apitesting_tests.All_ApisRequest@7a52f2a2]" started-at="2025-12-14T19:34:50 IST" name="getResult" finished-at="2025-12-14T19:34:50 IST" duration-ms="1" status="PASS">
          <params>
            <param index="0">
              <value>
                <![CDATA[[TestResult name=postRequest_api_endpoint_PojoJsonArray status=SUCCESS method=All_ApisRequest.postRequest_api_endpoint_PojoJsonArray()[pri:0, instance:apitesting_tests.All_ApisRequest@7a52f2a2] output={null}]]]>
              </value>
            </param>
          </params>
          <reporter-output>
          </reporter-output>
        </test-method> <!-- getResult -->
        <test-method is-config="true" signature="startTest(java.lang.reflect.Method)[pri:0, instance:apitesting_tests.All_ApisRequest@7a52f2a2]" started-at="2025-12-14T19:34:50 IST" name="startTest" finished-at="2025-12-14T19:34:50 IST" duration-ms="0" status="PASS">
          <params>
            <param index="0">
              <value>
                <![CDATA[public void apitesting_tests.All_ApisRequest.putRequest_api_endpoint()]]>
              </value>
            </param>
          </params>
          <reporter-output>
          </reporter-output>
        </test-method> <!-- startTest -->
        <test-method signature="putRequest_api_endpoint()[pri:0, instance:apitesting_tests.All_ApisRequest@7a52f2a2]" started-at="2025-12-14T19:34:50 IST" name="putRequest_api_endpoint" description="PUT REQUEST API" finished-at="2025-12-14T19:34:51 IST" duration-ms="1054" status="PASS">
          <reporter-output>
          </reporter-output>
        </test-method> <!-- putRequest_api_endpoint -->
        <test-method is-config="true" signature="getResult(org.testng.ITestResult)[pri:0, instance:apitesting_tests.All_ApisRequest@7a52f2a2]" started-at="2025-12-14T19:34:51 IST" name="getResult" finished-at="2025-12-14T19:34:51 IST" duration-ms="1" status="PASS">
          <params>
            <param index="0">
              <value>
                <![CDATA[[TestResult name=putRequest_api_endpoint status=SUCCESS method=All_ApisRequest.putRequest_api_endpoint()[pri:0, instance:apitesting_tests.All_ApisRequest@7a52f2a2] output={null}]]]>
              </value>
            </param>
          </params>
          <reporter-output>
          </reporter-output>
        </test-method> <!-- getResult -->
        <test-method is-config="true" signature="endReport()[pri:0, instance:apitesting_tests.All_ApisRequest@7a52f2a2]" started-at="2025-12-14T19:34:51 IST" name="endReport" finished-at="2025-12-14T19:34:51 IST" duration-ms="86" status="PASS">
          <reporter-output>
          </reporter-output>
        </test-method> <!-- endReport -->
      </class> <!-- apitesting_tests.All_ApisRequest -->
    </test> <!-- Test Cases API -->
  </suite> <!-- RestAssured_API_Testing Groups Test cases -->
</testng-results>
