<?xml version="1.0" encoding="UTF-8"?>
<!-- Generated by org.testng.reporters.JUnitReportReporter -->
<testsuite hostname="Mac.lan" failures="0" tests="8" name="apitesting_tests.All_ApisRequest" time="6.053" errors="0" timestamp="2025-12-14T18:24:40 IST" skipped="0">
  <testcase classname="apitesting_tests.All_ApisRequest" name="postRequest_api_endpoint_Map" time="0.609"/>
  <testcase classname="apitesting_tests.All_ApisRequest" name="deleteRequest_api_endpoint" time="1.548"/>
  <testcase classname="apitesting_tests.All_ApisRequest" name="postRequest_api_endpoint_Pojo" time="0.717"/>
  <testcase classname="apitesting_tests.All_ApisRequest" name="patchRequest_api_endpoint" time="0.666"/>
  <testcase classname="apitesting_tests.All_ApisRequest" name="postRequest_api_endpoint" time="0.671"/>
  <testcase classname="apitesting_tests.All_ApisRequest" name="postRequest_api_endpoint_PojoJsonArray" time="0.610"/>
  <testcase classname="apitesting_tests.All_ApisRequest" name="getRequest_api_endpoint" time="0.327"/>
  <testcase classname="apitesting_tests.All_ApisRequest" name="putRequest_api_endpoint" time="0.905"/>
</testsuite> <!-- apitesting_tests.All_ApisRequest -->
