<?xml version="1.0" encoding="UTF-8"?>
<!-- Generated by org.testng.reporters.JUnitReportReporter -->
<testsuite hostname="Mac.lan" failures="0" tests="2" name="apitesting_tests.Authentication_apis" time="2.555" errors="0" timestamp="2025-12-12T20:46:01 IST" skipped="0">
  <testcase classname="apitesting_tests.Authentication_apis" name="DigestAuthentication_api" time="1.313"/>
  <testcase classname="apitesting_tests.Authentication_apis" name="BasicAuthentication_api" time="1.242"/>
</testsuite> <!-- apitesting_tests.Authentication_apis -->
