<?xml version="1.0" encoding="UTF-8"?>
<!-- Generated by org.testng.reporters.JUnitReportReporter -->
<testsuite hostname="Mac.lan" failures="0" tests="2" name="apitesting_tests.softHardAssert_validation" time="0.488" errors="0" timestamp="2025-12-12T20:46:01 IST" skipped="1">
  <testcase classname="apitesting_tests.softHardAssert_validation" name="softAssertions_validation_testcase" time="0.488"/>
  <testcase classname="apitesting_tests.softHardAssert_validation" name="hardAssertions_validation_testcase">
    <skipped/>
  </testcase> <!-- hardAssertions_validation_testcase -->
</testsuite> <!-- apitesting_tests.softHardAssert_validation -->
