<?xml version="1.0" encoding="UTF-8"?>
<!-- Generated by org.testng.reporters.JUnitReportReporter -->
<testsuite hostname="Mac.lan" failures="0" tests="3" name="apitesting_tests.HeaderValidation_api" time="0.806" errors="0" timestamp="2025-12-12T20:46:01 IST" skipped="2">
  <testcase classname="apitesting_tests.HeaderValidation_api" name="registerSuccessful_api_multipleHeaderwithMap" time="0.806"/>
  <testcase classname="apitesting_tests.HeaderValidation_api" name="registerSuccessful_api_singleHeader">
    <skipped/>
  </testcase> <!-- registerSuccessful_api_singleHeader -->
  <testcase classname="apitesting_tests.HeaderValidation_api" name="registerSuccessful_api_multipleHeader">
    <skipped/>
  </testcase> <!-- registerSuccessful_api_multipleHeader -->
</testsuite> <!-- apitesting_tests.HeaderValidation_api -->
