<?xml version="1.0" encoding="UTF-8"?>
<!-- Generated by org.testng.reporters.JUnitReportReporter -->
<testsuite hostname="Mac.lan" failures="0" tests="8" name="apitesting_tests.All_ApisRequest" time="6.544" errors="0" timestamp="2025-12-14T17:56:03 IST" skipped="0">
  <testcase classname="apitesting_tests.All_ApisRequest" name="postRequest_api_endpoint_Pojo" time="1.063"/>
  <testcase classname="apitesting_tests.All_ApisRequest" name="putRequest_api_endpoint" time="1.023"/>
  <testcase classname="apitesting_tests.All_ApisRequest" name="patchRequest_api_endpoint" time="0.650"/>
  <testcase classname="apitesting_tests.All_ApisRequest" name="postRequest_api_endpoint_Map" time="0.591"/>
  <testcase classname="apitesting_tests.All_ApisRequest" name="deleteRequest_api_endpoint" time="1.668"/>
  <testcase classname="apitesting_tests.All_ApisRequest" name="postRequest_api_endpoint_PojoJsonArray" time="0.611"/>
  <testcase classname="apitesting_tests.All_ApisRequest" name="postRequest_api_endpoint" time="0.599"/>
  <testcase classname="apitesting_tests.All_ApisRequest" name="getRequest_api_endpoint" time="0.339"/>
</testsuite> <!-- apitesting_tests.All_ApisRequest -->
