<?xml version="1.0" encoding="UTF-8"?>
<!-- Generated by org.testng.reporters.JUnitReportReporter -->
<testsuite hostname="Mac.lan" failures="0" tests="1" name="apitesting_tests.combinedTestDDT_JsonPropertiesFile_api" time="0.889" errors="0" timestamp="2025-12-12T20:46:01 IST" skipped="0">
  <testcase classname="apitesting_tests.combinedTestDDT_JsonPropertiesFile_api" name="combinedTestDDT_JsonProperties_file_api" time="0.889"/>
</testsuite> <!-- apitesting_tests.combinedTestDDT_JsonPropertiesFile_api -->
