<?xml version="1.0" encoding="UTF-8"?>
<!-- Generated by org.testng.reporters.JUnitReportReporter -->
<testsuite hostname="Mac.lan" failures="0" tests="8" name="apitesting_tests.All_ApisRequest" time="6.153" errors="0" timestamp="2025-12-17T13:34:18 IST" skipped="0">
  <testcase classname="apitesting_tests.All_ApisRequest" name="getRequest_api_endpoint" time="0.472"/>
  <testcase classname="apitesting_tests.All_ApisRequest" name="postRequest_api_endpoint_Pojo" time="0.616"/>
  <testcase classname="apitesting_tests.All_ApisRequest" name="CreateProductWithToken" time="1.894"/>
  <testcase classname="apitesting_tests.All_ApisRequest" name="postRequest_api_endpoint" time="0.629"/>
  <testcase classname="apitesting_tests.All_ApisRequest" name="patchRequest_api_endpoint" time="0.675"/>
  <testcase classname="apitesting_tests.All_ApisRequest" name="postRequest_api_endpoint_Map" time="0.615"/>
  <testcase classname="apitesting_tests.All_ApisRequest" name="putRequest_api_endpoint" time="0.622"/>
  <testcase classname="apitesting_tests.All_ApisRequest" name="postRequest_api_endpoint_PojoJsonArray" time="0.630"/>
</testsuite> <!-- apitesting_tests.All_ApisRequest -->
