<?xml version="1.0" encoding="UTF-8"?>
<!-- Generated by org.testng.reporters.JUnitReportReporter -->
<testsuite hostname="Mac.lan" failures="0" tests="7" name="apitesting_tests.All_ApisRequest" time="6.083" errors="0" timestamp="2025-12-14T19:29:12 IST" skipped="0">
  <testcase classname="apitesting_tests.All_ApisRequest" name="patchRequest_api_endpoint" time="1.006"/>
  <testcase classname="apitesting_tests.All_ApisRequest" name="postRequest_api_endpoint" time="0.612"/>
  <testcase classname="apitesting_tests.All_ApisRequest" name="postRequest_api_endpoint_PojoJsonArray" time="0.629"/>
  <testcase classname="apitesting_tests.All_ApisRequest" name="getRequest_api_endpoint" time="1.592"/>
  <testcase classname="apitesting_tests.All_ApisRequest" name="postRequest_api_endpoint_Map" time="0.980"/>
  <testcase classname="apitesting_tests.All_ApisRequest" name="putRequest_api_endpoint" time="0.611"/>
  <testcase classname="apitesting_tests.All_ApisRequest" name="postRequest_api_endpoint_Pojo" time="0.653"/>
</testsuite> <!-- apitesting_tests.All_ApisRequest -->
