<?xml version="1.0" encoding="UTF-8"?>
<!-- Generated by org.testng.reporters.JUnitReportReporter -->
<testsuite hostname="Mac.lan" failures="0" tests="2" name="apitesting_tests.MutipleUsers_api" time="1.551" errors="0" timestamp="2025-12-12T20:46:01 IST" skipped="0">
  <testcase classname="apitesting_tests.MutipleUsers_api" name="SingleuserPostid_api" time="0.857"/>
  <testcase classname="apitesting_tests.MutipleUsers_api" name="Mutipleusers_api" time="0.694"/>
</testsuite> <!-- apitesting_tests.MutipleUsers_api -->
