<?xml version="1.0" encoding="UTF-8"?>
<!-- Generated by org.testng.reporters.JUnitReportReporter -->
<testsuite hostname="Mac.lan" failures="0" tests="7" name="apitesting_tests.All_ApisRequest" time="4.869" errors="0" timestamp="2025-12-16T21:35:39 IST" skipped="0">
  <testcase classname="apitesting_tests.All_ApisRequest" name="getRequest_api_endpoint" time="0.905"/>
  <testcase classname="apitesting_tests.All_ApisRequest" name="postRequest_api_endpoint" time="0.654"/>
  <testcase classname="apitesting_tests.All_ApisRequest" name="patchRequest_api_endpoint" time="0.744"/>
  <testcase classname="apitesting_tests.All_ApisRequest" name="postRequest_api_endpoint_Pojo" time="0.607"/>
  <testcase classname="apitesting_tests.All_ApisRequest" name="postRequest_api_endpoint_PojoJsonArray" time="0.603"/>
  <testcase classname="apitesting_tests.All_ApisRequest" name="postRequest_api_endpoint_Map" time="0.774"/>
  <testcase classname="apitesting_tests.All_ApisRequest" name="putRequest_api_endpoint" time="0.582"/>
</testsuite> <!-- apitesting_tests.All_ApisRequest -->
